info it worked if it ends with ok
verbose cli [ 'node', '/usr/local/bin/npm', 'install' ]
info using npm@1.0.106
info using node@v0.5.11-pre
verbose config file /home/pmavrodiev/.npmrc
verbose config file /usr/local/etc/npmrc
verbose config file /usr/local/lib/node_modules/npm/npmrc
verbose umasking from 7 755
verbose mkdir done: /home/pmavrodiev/Programs/rank-experiment 755
ERR! Couldn't read dependencies.
ERR! Error: ENOENT, No such file or directory '/home/pmavrodiev/Programs/rank-experiment/package.json'
ERR! Report this *entire* log at:
ERR!     <http://github.com/isaacs/npm/issues>
ERR! or email it to:
ERR!     <npm-@googlegroups.com>
ERR! 
ERR! System Linux 2.6.32-41-generic-pae
ERR! command "node" "/usr/local/bin/npm" "install"
ERR! cwd /home/pmavrodiev/Programs/rank-experiment
ERR! node -v v0.5.11-pre
ERR! npm -v 1.0.106
ERR! path /home/pmavrodiev/Programs/rank-experiment/package.json
ERR! code ENOENT
verbose exit [ 1, true ]
